<?xml version="1.0" encoding="UTF-8"?>
<!-- Generated by org.testng.reporters.JUnitXMLReporter -->
<testsuite hostname="LAPTOP-345AI7ST" name="Default test" tests="3" failures="0" timestamp="11 Apr 2019 07:43:21 GMT" time="143.488" errors="0">
  <testcase name="ShopTest" time="5.339" classname="testcases.orderPageTest"/>
  <testcase name="goshopbuttonPresentTest" time="0.047" classname="testcases.orderPageTest"/>
  <testcase name="validateOrderPageTitleTest" time="0.028" classname="testcases.orderPageTest"/>
</testsuite> <!-- Default test -->
